<?xml version="1.0" encoding="UTF-8"?>
<!-- Generated by org.testng.reporters.JUnitXMLReporter -->
<testsuite ignored="0" hostname="ATMECSINLT-085" failures="0" tests="15" name="Test" time="0.362" errors="0" timestamp="22 Aug 2019 09:00:47 GMT">
  <testcase classname="EXcel_TestNg.xls_file.AppTest" name="diaplay" time="0.008"/>
  <testcase classname="EXcel_TestNg.xls_file.AppTest" name="diaplay" time="0.003"/>
  <testcase classname="EXcel_TestNg.xls_file.AppTest" name="diaplay" time="0.005"/>
  <testcase classname="EXcel_TestNg.xls_file.AppTest" name="myMethod" time="0.002"/>
  <testcase classname="EXcel_TestNg.xls_file.AppTest" name="myMethod" time="0.002"/>
  <testcase classname="EXcel_TestNg.xls_file.AppTest" name="myMethod" time="0.001"/>
  <testcase classname="EXcel_TestNg.xls_file.AppTest" name="myMethod" time="0.002"/>
  <testcase classname="EXcel_TestNg.xls_file.AppTest" name="myMethod" time="0.003"/>
  <testcase classname="EXcel_TestNg.xls_file.AppTest" name="myMethod" time="0.003"/>
  <testcase classname="EXcel_TestNg.xls_file.AppTest" name="myMethod" time="0.002"/>
  <testcase classname="EXcel_TestNg.xls_file.AppTest" name="myMethod" time="0.005"/>
  <testcase classname="EXcel_TestNg.xls_file.AppTest" name="myMethod" time="0.006"/>
  <testcase classname="EXcel_TestNg.xls_file.AppTest" name="myMethod" time="0.002"/>
  <testcase classname="EXcel_TestNg.xls_file.AppTest" name="myMethod" time="0.003"/>
  <testcase classname="EXcel_TestNg.xls_file.AppTest" name="testApp" time="0.005"/>
</testsuite> <!-- Test -->
